<?xml version="1.0" encoding="UTF-8"?>
<testsuite name="com.giveus.GiveUsApplicationTests" tests="1" skipped="0" failures="0" errors="0" timestamp="2024-03-11T08:54:35" hostname="DESKTOP-LL832F4" time="0.298">
  <properties/>
  <testcase name="contextLoads()" classname="com.giveus.GiveUsApplicationTests" time="0.298"/>
  <system-out><![CDATA[17:54:30.237 [Test worker] INFO org.springframework.test.context.support.AnnotationConfigContextLoaderUtils -- Could not detect default configuration classes for test class [com.giveus.GiveUsApplicationTests]: GiveUsApplicationTests does not declare any static, non-private, non-final, nested classes annotated with @Configuration.
17:54:30.299 [Test worker] INFO org.springframework.boot.test.context.SpringBootTestContextBootstrapper -- Found @SpringBootConfiguration com.giveus.GiveUsApplication for test class com.giveus.GiveUsApplicationTests

  .   ____          _            __ _ _
 /\\ / ___'_ __ _ _(_)_ __  __ _ \ \ \ \
( ( )\___ | '_ | '_| | '_ \/ _` | \ \ \ \
 \\/  ___)| |_)| | | | | || (_| |  ) ) ) )
  '  |____| .__|_| |_|_| |_\__, | / / / /
 =========|_|==============|___/=/_/_/_/
 :: Spring Boot ::                (v3.2.1)

2024-03-11T17:54:30.518+09:00  INFO 3480 --- [    Test worker] com.giveus.GiveUsApplicationTests        : Starting GiveUsApplicationTests using Java 17.0.10 with PID 3480 (started by SSAFY in C:\Users\yihoney\S10P22C206\backend)
2024-03-11T17:54:30.519+09:00  INFO 3480 --- [    Test worker] com.giveus.GiveUsApplicationTests        : No active profile set, falling back to 1 default profile: "default"
2024-03-11T17:54:31.148+09:00  INFO 3480 --- [    Test worker] .s.d.r.c.RepositoryConfigurationDelegate : Bootstrapping Spring Data JPA repositories in DEFAULT mode.
2024-03-11T17:54:31.191+09:00  INFO 3480 --- [    Test worker] .s.d.r.c.RepositoryConfigurationDelegate : Finished Spring Data repository scanning in 37 ms. Found 1 JPA repository interface.
2024-03-11T17:54:31.746+09:00  INFO 3480 --- [    Test worker] o.hibernate.jpa.internal.util.LogHelper  : HHH000204: Processing PersistenceUnitInfo [name: default]
2024-03-11T17:54:31.822+09:00  INFO 3480 --- [    Test worker] org.hibernate.Version                    : HHH000412: Hibernate ORM core version 6.4.1.Final
2024-03-11T17:54:31.865+09:00  INFO 3480 --- [    Test worker] o.h.c.internal.RegionFactoryInitiator    : HHH000026: Second-level cache disabled
2024-03-11T17:54:32.039+09:00  INFO 3480 --- [    Test worker] o.s.o.j.p.SpringPersistenceUnitInfo      : No LoadTimeWeaver setup: ignoring JPA class transformer
2024-03-11T17:54:32.058+09:00  INFO 3480 --- [    Test worker] com.zaxxer.hikari.HikariDataSource       : HikariPool-1 - Starting...
2024-03-11T17:54:32.219+09:00  INFO 3480 --- [    Test worker] com.zaxxer.hikari.pool.HikariPool        : HikariPool-1 - Added connection com.mysql.cj.jdbc.ConnectionImpl@2555a986
2024-03-11T17:54:32.220+09:00  INFO 3480 --- [    Test worker] com.zaxxer.hikari.HikariDataSource       : HikariPool-1 - Start completed.
2024-03-11T17:54:32.738+09:00  INFO 3480 --- [    Test worker] o.h.e.t.j.p.i.JtaPlatformInitiator       : HHH000489: No JTA platform available (set 'hibernate.transaction.jta.platform' to enable JTA platform integration)
2024-03-11T17:54:32.740+09:00  INFO 3480 --- [    Test worker] j.LocalContainerEntityManagerFactoryBean : Initialized JPA EntityManagerFactory for persistence unit 'default'
2024-03-11T17:54:34.580+09:00  INFO 3480 --- [    Test worker] o.s.b.a.e.web.EndpointLinksResolver      : Exposing 1 endpoint(s) beneath base path '/actuator'
2024-03-11T17:54:34.663+09:00  INFO 3480 --- [    Test worker] o.s.s.web.DefaultSecurityFilterChain     : Will secure any request with [org.springframework.security.web.session.DisableEncodeUrlFilter@39384ba6, org.springframework.security.web.context.request.async.WebAsyncManagerIntegrationFilter@e7529ac, org.springframework.security.web.context.SecurityContextHolderFilter@1fce17b8, org.springframework.security.web.header.HeaderWriterFilter@3c2406dd, org.springframework.web.filter.CorsFilter@6770a229, org.springframework.security.web.authentication.logout.LogoutFilter@7859bd9a, com.giveus.common.auth.JwtAuthenticationFilter@6b17aa0b, org.springframework.security.web.savedrequest.RequestCacheAwareFilter@54d5500e, org.springframework.security.web.servletapi.SecurityContextHolderAwareRequestFilter@4ed096cc, org.springframework.security.web.authentication.AnonymousAuthenticationFilter@1009a9b4, org.springframework.security.web.session.SessionManagementFilter@656dc20f, org.springframework.security.web.access.ExceptionTranslationFilter@40f88929, org.springframework.security.web.access.intercept.AuthorizationFilter@1f4dce67]
2024-03-11T17:54:35.338+09:00  INFO 3480 --- [    Test worker] com.giveus.GiveUsApplicationTests        : Started GiveUsApplicationTests in 4.947 seconds (process running for 5.625)
]]></system-out>
  <system-err><![CDATA[]]></system-err>
</testsuite>
